2026-04-19T15:43:54.743022+00:00	CoinDesk	91	https://www.coindesk.com/tech/2026/04/19/aave-records-usd6-billion-tvl-drop-as-kelp-hack-exposes-structural-risk-at-defi-lender
2026-04-19T18:02:52.682681+00:00	GoogleNews/defi	90	https://news.google.com/rss/articles/CBMimAFBVV95cUxQNmgxeWlmNHdIWjAwblpMSUFCYVQ1Y0lqdjJuSHctUHpTbGdlaG13Wi1rOHdzcVh2d18wQjJzVEZOMHhMUnBRU0FXNS1naDBQSm9BM0dRaV9Sbnp5ZGZhZjdzVWdxQi1zSFNLOXpnR1RjdEZ2RWN5MGktdjl2YlplNURHVS1XN2tUUGtJMFFYYTR5cnJiNk9WVw?oc=5
2026-04-19T18:07:12.136838+00:00	Decrypt	239	https://decrypt.co/47061/public-companies-biggest-bitcoin-portfolios
2026-04-19T20:05:04.651716+00:00	GoogleNews/defi	259	https://news.google.com/rss/articles/CBMiSEFVX3lxTE41MEg5eVFyV1MyZVhpa3VUUkluTzAtQkNud3BQWTZIQkM3MjRmdU5EdS1UWHNHUDctRkdWRUtuSE5qNm5ZUnI5aw?oc=5
2026-04-19T22:25:44.547805+00:00	GoogleNews/defi	251	https://news.google.com/rss/articles/CBMi5gFBVV95cUxNekd1blBnWVpvQ29GSWJ6SXRiclFNX1d4NDdRTjFNdl9DdW9LVmhQczN2VUFwWnhRd1V6THZnc3J6aEtFODNXSng5bGFRTHUyNEpQS0R2TVcyQmswYlRnTHZuMXh4MzdnS0VUZkZRb0wzeDNoUUtBSld1QmlCa01PVlhIUTFXYzR3VGVPcWI4b0NiNUxvaE9vQTNkbVdaWjI4SGQzS2JHWlFBd18tMVRMeVNHNEtLUVZiUUF1NktvNmh2TjVkeXZQNGJLVGI2clp5c28yaUtUUl85SXpPVVd6V01FOUlZQQ?oc=5
2026-04-20T00:32:12.820934+00:00	GoogleNews/defi	222	https://news.google.com/rss/articles/CBMiowFBVV95cUxPX3FtNFFGeXZEOEdkUXpNc0ZHMGdzdWdLVVBTV0hwMjAwdkx5MVZWYXZSWkpqdHhScG44N0hwVU5ZRzliYU5TWWU1R05icGhFTjJ1THRnX2xwY3RzaVNESndBTzBhVklzM0RVR3hEbEJjUXQwcFJkaXFvY2hjMEhzdHN6RnJ2TkpLaDMxbXl6UHMwQzdFM2EyeDZqMjhFb3RmWnNn?oc=5
2026-04-20T16:21:25.464726+00:00	GoogleNews/defi	267	https://news.google.com/rss/articles/CBMimwFBVV95cUxObUNtX3ZGRzBEdnNuT09VejI2R3cxRXdXMGpsUlZvZDZabnVIMFFPQmxyX2J1YXpyLVhZWEpHS1gzaEJSSXBhREtyQzE1SVZzOF9ST3BvVFdJVVhNMUNzc25YSlRDNWlQVEhBaVJhNEt2VUVsSWl1OTdLa25USEx3cDRESlJYdEJuZHZwVmxaSExlazVKakR3TlpIRQ?oc=5
2026-04-20T20:15:15.646156+00:00	GoogleNews/crypto	223	https://news.google.com/rss/articles/CBMi3wFBVV95cUxQS05STkZDdDUyQkZOVHQ3eW1kZUt2UlkzSERqQ0llOTFJZ2NxN3dEMk1rc2dJTGNUd1Y0dWdHSmNZR3VEblhjYWtza3pINVRoUzRKTE5ZSXdZNVRVSThsSUtRZDJWc2ZEbG05djJHYWg0RGY5amtscG5MZVhuQTd6U0IxZmpGUXgtUWVOYmxPOEV1cFVyWndoSi1zUDJTN1dyWnhwM1ZLeTM0SlNBNHhyRTNvRlhxYUk1NGVmejVRbFNXV2hfSUVvaWZOa29nektWZVJJZXRQRm5Zd3JKeVZn?oc=5
2026-04-20T22:20:49.987819+00:00	Decrypt	184	https://decrypt.co/364911/ravedao-token-crashes-sheds-6-6-billion-exchanges-probe-alleged-manipulation
2026-04-21T00:39:43.688052+00:00	GoogleNews/defi	253	https://news.google.com/rss/articles/CBMihwFBVV95cUxQTWtYcUxjeXdUN2RMeG1Pdm9hcjFBTlpMQ0RSRVBjLTBmcER6YXJuQTlOaWQySC1pcHl4dzBSTzBVUGF5cTZLTTEyRUVRZlFkeFE1RU40Q1RBYllEdl8zRXBWYmFVMEwyUUZuRlhhOEdtbUFUNXZaSEdyaTVqUFRrSmlkWmUyYVE?oc=5
2026-04-21T04:16:24.035946+00:00	GoogleNews/crypto	218	https://news.google.com/rss/articles/CBMi1gFBVV95cUxPWlNHUWtpWW5NdWZvbmZBNk5NaUVMam5YR0hReVNxMjYwczJjTHFOdmcwbXgtR0kxZ3FIbU1tWGZ6X2QwQ1pCOUVya3VpNmxHSDN1QTlvdlRPcy1Dell4WVUtekNVQmNkMmdlcWh1OXN6SFYtR216ZkhfZ2M1T0JLbXItUHdYakZOMzFwUFRYNi0xeE5yZ1YxUVUydk9HYVduN19wZGlJbXYwR2UwN28xQlh1V2V5XzlSV0NTRnR1VG5hMUFiRFB5NGNJbjk4R2hLNHIxMzJn?oc=5
2026-04-21T06:29:45.782552+00:00	CoinDesk	240	https://www.coindesk.com/markets/2026/04/21/arbitrum-freezes-usd71-million-in-ether-tied-to-kelp-dao-exploit
2026-04-21T18:30:39.334968+00:00	CoinDesk	258	https://www.coindesk.com/business/2026/04/21/doordash-is-bringing-stablecoin-payments-to-masses-with-stripe-backed-blockchain
2026-04-21T20:16:47.866089+00:00	GoogleNews/crypto	183	https://news.google.com/rss/articles/CBMie0FVX3lxTE4wM3pPcDMxenluZFljVFhhRTJ0SzNBYnhpZUlianc0TllSV24xekh1SmNLRG1zcjNWODNyV2lxZ0FLbEV4MVQ5OVpMVW5kcFRhRkxjMzB1SXlCZ0lRM1poQ3R5QV9OV3FPYTJ1aEdqU2VHSHhXQzNvMlBUMA?oc=5
2026-04-22T00:07:29.159898+00:00	GoogleNews/defi	190	https://news.google.com/rss/articles/CBMimAFBVV95cUxOdmg0NEFidzVXNThSMlI5eHRERGkzWDFkZ1FtaFh0b3QyOGJnZ2tCVkN1WlozZUg2VUMzS0wwZnZJYjRoU2lwbkQ2RGZ4dEFnX0Z6T3MzVFlnVzdfNW8zeE1MdW1YME1kTHRpc2ZSMlB0QXJRZm53eTdfa1JrX0lSdnhDZkx4QnpPZkFYSXBGdmpyOWhlYTVJWQ?oc=5
2026-04-22T04:14:41.372056+00:00	GoogleNews/defi	207	https://news.google.com/rss/articles/CBMiwAFBVV95cUxPT2RUTHRCaDZPMVV1Q0Frd25FdlpiaHUxYXl5aFFsUE05dFRsbTdZWlRiN3U5ZmgzSGxVY0lwTldQdnIwMXRFS2tsZ2JqaTJlcGtJenJjVnU2dW01bXZjaWV3bEsweXUyaGJzcE93dEFBR00yNnpQRXNIV0xaUDJVNGUzcGhVQWR4VjNULUpScm5EVDcwMkJlemVwS2Z0RXhFYmdqYk5JOG10YmRVWFZLUDVuY3VudGYwY1g0bXJ6cWw?oc=5
2026-04-22T08:17:33.375771+00:00	CoinDesk	223	https://www.coindesk.com/policy/2026/04/21/tron-s-justin-sun-sues-trump-linked-world-liberty-financial-over-frozen-assets
2026-04-22T10:25:47.356282+00:00	GoogleNews/crypto	231	https://news.google.com/rss/articles/CBMiygFBVV95cUxPX2g0Mm5QVWpRMTFaSWZVdlBYZlhGUUg5Wk9LUWF0Q2plZTd2NnNaaS1vaUhkZXZ3UUN5MjE3Yk9rSGl6d092RWFYVVZYa1E4ZDMwRkxFTHZ2U0w2U3hwYzRoRUxwNlpQVnY0S3FUZHNlMDg3RDNMVmtMWldaMVkzRUQwZ3RUS2RfRXNOT2NJUzYyclVLdDFOOVU1ZktkNmxzRUZ3MmFUZ1ZFRUtqX2VZWDZLQ1BDVzBDNkhJU3RJZWJqTjRWYWZsZ3ln?oc=5
2026-04-22T20:26:33.917270+00:00	Decrypt	256	https://decrypt.co/365127/gsr-actively-managed-bitcoin-ethereum-solana-etf-nasdaq
2026-04-22T22:27:03.295163+00:00	GoogleNews/defi	223	https://news.google.com/rss/articles/CBMiowFBVV95cUxOWVVQTFNIUWdhNzhfRGNpR1g3c1NTRjRtWlo3ZGJEZVU0MUZBUmdxcVd6N2k5dWxTaEpzRVdkRGxlSTNmcVN3Tk5GbjJEeFYyZzNmTUsySHZrRFNRVVZfNTNoZmNYVU53VmxZMFdqMnBMdDR0RFgtREFqSnFXbl9yVUo1RmZVS04wazBoZ1NoWXd3MUItbUkxdWFqZ09jVV96bXln?oc=5
2026-04-23T02:12:02.217419+00:00	GoogleNews/defi	202	https://news.google.com/rss/articles/CBMiW0FVX3lxTFBSSDV4aUZ5NVdYVVRNb1ZHU0ZtVFpRVWpzZDBUY1BzSXE5UnBNSzM3dEstVWVXWDBUTkxYSnV0SE5iOHBYOURCNTRxZVhNRzRLaVFVX1ZUVmFJNFk?oc=5
2026-04-23T04:22:07.562938+00:00	Decrypt	257	https://decrypt.co/365221/us-government-runs-bitcoin-node-not-mining-btc
2026-04-23T14:24:09.050287+00:00	GoogleNews/defi	245	https://news.google.com/rss/articles/CBMiggFBVV95cUxOdy1jdk1fa3pTY1dYcm1BbGdCOXJFM1JXdkNZbzBZQThSa3pHRGZjTzFuSWx5QV9JWlFfN1dIVzNweVNkd1U2WTBkalBiWEhfQUVycS0yUW1fcEFBZE9zRlZMNXZXQkRlN3cxU0pkZE04MHpUQUh3SDVrc3lEaFRnTzdR?oc=5
2026-04-23T18:05:19.774879+00:00	GoogleNews/defi	231	https://news.google.com/rss/articles/CBMiVEFVX3lxTE1GSnBzMG5hWHc0OGM4UVdUZjI1UkZRUm9VZk1sWnRCdVROSnk2WVBDVFVXTy00Vk1vX3ZManN0YUFTQlJsRVpSd0lKYTFkR0VWNEt6Qg?oc=5
2026-04-23T22:23:36.456756+00:00	Decrypt	228	https://decrypt.co/365295/fold-bitcoin-bonus-program-employers-steak-shake
2026-04-24T00:14:29.146170+00:00	GoogleNews/defi	233	https://news.google.com/rss/articles/CBMivAFBVV95cUxNT3FaeEZFSTN2UTF5Zi1qNl95aXhidWZab2wwMTRBc19McUFPVmExYmJwSlA3bTFxXzUyMjAtazRfTlhiakNWM21GMXdhZTJieWNGVU1Fdk8xZHIzX3B6RDRyOEo1OVlfRzhoVEgwRDdYajgzVXQxLXJVNUszM2h1LXpsWGRpOWszemNvRFpMd01wcm5GVEhEWm9KdWQ2aTg0U2diemk3WnF5V0t2R0FWMXU0SlBDT29yZmNrVQ?oc=5
2026-04-24T08:10:54.438353+00:00	GoogleNews/defi	238	https://news.google.com/rss/articles/CBMiSEFVX3lxTE5jenBONnl6Z0hrZ2R0WHhxa0V2N2NGWEZaYXhzSGdVOHp2WmxBQ3Z3NE9VMHVsRU9JMmMwXzd5dmNZYXM3amF4MQ?oc=5
2026-04-24T10:05:03.372866+00:00	GoogleNews/crypto	191	https://news.google.com/rss/articles/CBMi1wFBVV95cUxQVFVqVnI3LWJVUnRwd05aZHNaTXlMUU14UDRoREFTU3RWV2ZxdzRjMUtLVmhPN0ZYak5QMGJkWmJpZFpNR0stSEF1TW1zOGNnV1BfTlloeVZDZWxLOXdQVGV1TXllbnlNT1dCQ3Fidl9rQ0E1UG5VWFJJOFQ4NzA2RlZTWFdsMC1UdTlSV3ltbUMzaEFHNUxWQUxLNHpHQ284SE1YT292ZlFaRkNJMFJTTHNKYVNSekNpWmRJNWZFcmN2eDRud18yMGo2UWFyU3FTR0ZfRFJSZw?oc=5
2026-04-24T14:32:21.707765+00:00	CoinDesk	207	https://www.coindesk.com/markets/2026/04/24/bitcoin-holder-metaplanet-raises-usd50-million-in-zero-interest-bonds-to-buy-more-btc
2026-04-24T18:24:32.477107+00:00	GoogleNews/defi	198	https://news.google.com/rss/articles/CBMimwFBVV95cUxPSjNnSDFiVmFxVU95MmFnSmRJUi1GcFI4WmZuMHY3YmpkUUlETTJ1YkZQenJJLWxHRzU5LTN0cGVYaDYwMGNJVjZkMFFRMDlXTlg5U1pWTHEtZEtURVRhVmNzUm8tYlNTVEVWUVRjWFFIY080M0FfWjg4b2hjWFJnMmJnbzhHdTNaQTc4TVhxZHY5ckFOREQ5X19MMNIBoAFBVV95cUxQZklxNDFiUHhHQzlJQlZZUEhXbGRvX2NRMU9Ua0ptMGJ5YXQ1ZnBSVGxkekxuUnNXUG1OVy1wanNVVVNzZkFIc0VfbFVFdlpuQnY3TGVzR3pPemZ0cllwZkpLZUhkOUpyVm1kOW4yV0ZBLW41ME1kQ1hrenBxZm5rczJTSWNabnlnV1Q2Nk5aazBKOXNvZnRtWWVsN1N0Vzgt?oc=5
2026-04-24T22:34:08.013912+00:00	GoogleNews/crypto	212	https://news.google.com/rss/articles/CBMi0AFBVV95cUxOSHhEZmxOMHJMZHpJeEpFVzZSR0xlLXotaGFITEZ5eURXaUZHMnFWM0hoUzluTS03OXlLWERVd1lacmVZaXJJeFdPYnNRdFpDdm1hQXBEbW9ZdWRFam9yYnhQeWlobkM0bkpKZHFwNXFxaVVkczJObGVYMTFSOWN5dWlkZldpRjhwNUNQVHljbTZucTRFcnVXTDZDV3ZxMm9FUTNnUkJ4QlJ3VWJ6dll3ckZsZEZuc1ZFcVp5a05jOG11ZVhPdmlvVElpbU1qVjg4?oc=5
2026-04-25T00:22:40.158818+00:00	GoogleNews/defi	196	https://news.google.com/rss/articles/CBMisgFBVV95cUxPLXRNemZQZ0MtOG9nZDk5ODY4a3VlaF9JdU5pQ0c3ZGtweExPV08ya0tRWVVUVnFtMHhXVnNfWm9mcmo3eDZOZzZ2cmJVMHVpejVXRlBzODk2eXdBLUdOaWJBVHhOZDhKcGs1NTBZanlrUjlzaWpWREwxWVJMd2FSSnBST2x5Z1pUbFE3M2NwOTVENUxDTENPcGpXUGp0ZDIzbDVDQjI4al8tSEp1bGw4Qi1B?oc=5
2026-04-25T08:21:12.831044+00:00	CoinDesk	229	https://www.coindesk.com/markets/2026/04/25/ripple-linked-xrp-stalls-near-usd1-44-as-triangle-squeeze-nears-breakout
2026-04-25T10:23:30.681131+00:00	GoogleNews/defi	228	https://news.google.com/rss/articles/CBMipAFBVV95cUxNako5ZmtWSHFwb25SaUNzRDk2N3pZMkM3bzYwZjJvVXlHOWxCT3N4aGZuNnZaR3JWMkFmbFNpd1NqUTNqdzNJVUNrRDN2S3B2NDZDU3Y0Vk9oRnFtaXg3cHBHTmNFLUptRktfekI4YXdJNU1maXM5bUltTHVHamZ3dTFuSlNZdEJOSjl5R2l5R05Jdy1MSGNzRlBPZ3NVS2plRnlJUg?oc=5
2026-04-25T16:09:05.184278+00:00	GoogleNews/crypto	244	https://news.google.com/rss/articles/CBMiwwFBVV95cUxNcm42UVBuaTVpZHYteGdiOGtBZ2VfOExyX2FvWUNkQXdfMzYtYW1vQ0tCR1NPSkJYbk9MLXpkRC1GU3NmUThRU3pndlZ5bVpaS3RLTHMzT3dHR0o0emwwNURYMFBaQWY0UWw3ZW1QQ1BQeUlic25rZkJfb1puZl9WdVZSR21qTEtwWmNtUHV2VWZwQjlhLVoxV2JpUDd2cmxqVFpuMTg3YU9YLWtvdTBxWVBUQ2FkSDhIeldVSlpCWXQ0Y0U?oc=5
2026-04-25T20:13:32.557882+00:00	GoogleNews/crypto	200	https://news.google.com/rss/articles/CBMikgFBVV95cUxQOW5vRTFWTE45WWJsY3NRNnVpNFRTWnBfdmRhN0FxcllUNi1kWHpQTXNtZEFLQnZXeVRfcEt5bkJ5YUR6QU9XaDIyNzdzRGw0OW90Q05qMVhUR215SE5TM0JySnBlTm1ET2NpOVNhbHlLMXp3RkZkV3dKUmw3UFhuM1NwdTJPLW9zYzVJN1ZybkxQUQ?oc=5
2026-04-26T08:22:31.779957+00:00	GoogleNews/defi	241	https://news.google.com/rss/articles/CBMigAFBVV95cUxNcFZEQ052T25sY3gzUmJ4UmR5LXZNeFFwbkJndGdjLU42SnpldHdmLU1jMXlUdEJWMDI1a3FSVUFRMWdTYm1Nd29fNndtQUlOdW1pakxyUDZfSGc5aFJaNmd4V3dmRmJuaUR1YVUyMzMzRi1GRWt2UWxVQi1LYzdmRw?oc=5
2026-04-26T10:20:17.042981+00:00	GoogleNews/defi	246	https://news.google.com/rss/articles/CBMidEFVX3lxTE9wY3lqVzF1U1VxZjV3bkNkOFV6b3VpUlA3ak5IRlEyZWd2NEs1c2dSNlhwd0s5R0FPTkxkMTNFQnUzeThlZnN5YW10SWxTX0N4bm1uZElHLVdhTnd6MU1ZUDdMOTkzOFhYUTlXUGlibHFEMWt2?oc=5
2026-04-26T12:26:58.553805+00:00	GoogleNews/defi	217	https://news.google.com/rss/articles/CBMibkFVX3lxTFBUMjNzblp6aHhhS2MxNUJBdHNVTjQwR0ZHRWdZaGpGdk1vS2ZUYnpJNWl6ZGoxM05OUDBHR1gzUDNkRE9abDM0bkk3aUwtUUJQaDBwczBlLUd2RjN1ZklybHlvWDh4SlhYd2g1MGtR?oc=5
2026-04-26T16:11:11.409811+00:00	GoogleNews/crypto	202	https://news.google.com/rss/articles/CBMivwFBVV95cUxPemlwUmNRVXBUSU5YdDJiRzZXbmJidkVzYUNCUGlFS0ozZzJoZ0I0eGlHUjBhYVhOVWNJYV9BM3FLelFaTXJQQ2FlMVdxb1dyOXc3MEwtQ3AtVnFFek1EeUZJdlI4Um5namdkcjNXSklLclkydGdGWkZEOUtETnQtRk92Q25SOWVZcHBoQUZMNTEtdTc0enNFNXNtMS1qRkh2VjQtSTM1UnhMbUhVVXZVSWZKUVdUUFlwQWdZUUFOSQ?oc=5
2026-04-26T18:20:25.863326+00:00	GoogleNews/defi	216	https://news.google.com/rss/articles/CBMiVEFVX3lxTE11OEV2S04xNGphb1NWdFlkckhFTHhSQUlTcVhLeUx1VEM0RjItOVRfNjd3UExtR043aHRKZ1BIOXlGYUY4MW1PV1d4NVpaLVEySVE5bA?oc=5
2026-04-26T20:14:43.870419+00:00	GoogleNews/defi	187	https://news.google.com/rss/articles/CBMickFVX3lxTFB0MHpZT3d4a1pjU1JEaEhSRU1BRW8tZVpaMG82T1NON0U0X0JtcjhFam1IT0NGMnI3RVZGMlVjZzNIcjBzMjFiQjZnU25oQXVJVERKWlhVamlnRG4yOUVyeVdtaVBicDNWWlpIYVQ3WmdRQQ?oc=5
2026-04-27T12:37:09.080190+00:00	GoogleNews/defi	219	https://news.google.com/rss/articles/CBMirgFBVV95cUxPaE1SS2dNUmVsSTM2NnVLUl9vdUJfV0tuZV9qdjAzeDdoWVRBbkxhUGZTNllLeHNCcDlzZHlpazZPYlEwTUUzSnM2M1g2MjlwRDhQNjdIcmtoWl9kVWdVOUs5cTU3UHllVEpQclNqNnFXWGZUQmNIWUtTUWdTSWx1RF9sRnBmVGduejZreHJ2a1NfdWVNRGxlUmhKdkFZcnBUQXYtRE4wZkhpbUpLR3c?oc=5
2026-04-27T14:15:52.539639+00:00	GoogleNews/defi	203	https://news.google.com/rss/articles/CBMimgFBVV95cUxQVmZCaGlva2JsUWc3THNLTTRVRlNGM2Iwb2VZd0RIdnFOWDZ2MFB0dWg5LVlyckFPcFVTa1JkVEQyeTc1dllWRl9yNDJMV3o5Ym1VOWVWT2JtTzBpTG1OVW1na0lIRkNMcWlJdHZmQ1o0M2pycnBmOG1UcVNpd09GTEpfWVJZWG05NDJDT21TdnQ1a0JDWTZuc1d3?oc=5
2026-04-27T16:09:09.913862+00:00	GoogleNews/crypto	236	https://news.google.com/rss/articles/CBMie0FVX3lxTE5BT19fX2RDZ0pXbjhxZ3ByTHFaRWZ2R2MxN1JZT3BSZTctMWxLM2otZDVfY1FlUHZXaC1SZ09GYUNvUHdtNmVFWUJPLWVOOGZoZUVzTE9IMnMxd0RPM2ZJVzRqeXA5NGRNSnVJV09zbzM0dnpyek5SQlk3TQ?oc=5
2026-04-27T18:11:27.299345+00:00	GoogleNews/crypto	193	https://news.google.com/rss/articles/CBMirwFBVV95cUxQeVo2b29fMnozSkxtakhLQzVqTlJ4V2VXQ0RKYVhta2MzX0ZFUEEyN0VCS1hjY2Q0cmRKNzZqS01kQTBlczhCczAwZ09nNXFlUDA1WVUxSjI3T1RoblJhb21hazRyeGtQWEJUYWNTaXZRaW50TnNVVVBnTENiUWZNaDBBRUk2Qno2M0NTa09YNkRYUi1EaFI0azZ4dWFWTWpiaUZiQ3RIYVhkWWtEbHVz?oc=5
2026-04-27T20:24:05.715212+00:00	GoogleNews/defi	222	https://news.google.com/rss/articles/CBMiggFBVV95cUxPWmkwRlNWMms1QXdLS1ZzODZzRXpRSWs0anpIMjJfMUREWnhKSXhsXzh4cmhreEdXOWlUQjNuSlBzVUJNZURNay1makFDWGtmcS15OTFPOVJSc2V0dlIwVmpMQ2JyMzVnOFBSeU02b1hjTndpeEZaUW96bTRyVGx6UjRB?oc=5
2026-04-27T22:22:29.858873+00:00	GoogleNews/crypto	237	https://news.google.com/rss/articles/CBMie0FVX3lxTE5DNko2cFNCamZ1YWxsNTdTUlhEd1FTalBRNUx5d3BuajhuMmI1MTlpNzVyR0Mxc3RYQ2Iwd1FGVWpOaktHYi1BYUhRdTI5bndVNGNpQkhLWHF4bDd6eVZYWURHVEk4VWNDLUcwXzlmZlQtMXZLSHRwSWFKaw?oc=5
2026-04-28T16:11:28.701333+00:00	GoogleNews/defi	240	https://news.google.com/rss/articles/CBMihAFBVV95cUxOS2dHSTl6SUs4Tnptc3RRVEpGeURxZHU5cWsxYWRTRmlyOXY3eGZwT2NJOVRPbVlja2x6V3BJQkxVREN2R29Pb1FYRW5laEU2TndvQkFQWEdWcGRZajB6SlhmLUFuWEZQeW9mbWFYOG1HaHljYmFtYVJKWGRCdDBiaVNQOHE?oc=5
2026-04-28T20:06:55.465203+00:00	GoogleNews/defi	195	https://news.google.com/rss/articles/CBMipgFBVV95cUxPdVJQRk9FMVdHRUMyZ28tY1JveVRNMzZLMndIT3o3V25pVVNXOWpCMVBQNjU4eHpPbDdkSG1UZDhhNHFKZVo3UmwtZE1TSHlSWkZrN2Rucm45RDJCV3htdmRXenJUc1JxMHhBcUZzVXBBbThvLXZkUVB6Z3Z0MlpSVXF4c0kwQXgtOGlfNkN5ZWVtSmNuYWtlVDZ0NzRpczV2N3lERndB?oc=5
2026-04-28T22:05:20.285758+00:00	GoogleNews/defi	208	https://news.google.com/rss/articles/CBMiXEFVX3lxTFBZVkZMNE5IdjM5Q1EzRldNTzhoOVYwREFsMXdxUmVmVkJqcUtDLUNZdjlCY3NTRjFnRHIzNDZSeHZlbjZIc05fb1pZM2hxTkNlX2prMVkwN1FnLWVD?oc=5
2026-04-29T02:24:06.752443+00:00	GoogleNews/crypto	208	https://news.google.com/rss/articles/CBMi9AFBVV95cUxOMEx4SkVUUE14TDFIclRvTHhnVURhbDVJMGpSSlJrQS1rMGN2bjJIS056V2VscVdPdkQzSE1tZW5EaHVVTWc4YVkwZTRsTHJnRS1KaGdNUko0cmV0NUk2cS1YeTF2U0xIaEtNSl9ZcjFDSmNQSVN3RzgwNm1ramVQY1VST2c3bUZ5RVA5R0g3czlSak9qV3ZWOHdsdlQ4T3Z0ZEpheXFja19hdHJSZzcyWWRlamlNMngyREx3WnNReVh0U3BkQjFyOTkwNklSUktPVm9rQUdXWlRPcWJDQ1YtUldBbnFmNWdLSENnSXJyU0tzNkh0?oc=5
2026-04-29T04:19:55.720759+00:00	Decrypt	268	https://decrypt.co/365894/woman-71-months-prison-bitcoin-investment-fraud-targeting-elderly-victims
